2018-08-31 09:37:36,313 INFO o.a.j.u.JMeterUtils: Setting Locale to en_EN
2018-08-31 09:37:36,328 INFO o.a.j.JMeter: Loading user properties from: C:\workdir\Tools\Jmeter\apache-jmeter-4.0\bin\user.properties
2018-08-31 09:37:36,328 INFO o.a.j.JMeter: Loading system properties from: C:\workdir\Tools\Jmeter\apache-jmeter-4.0\bin\system.properties
2018-08-31 09:37:36,333 INFO o.a.j.JMeter: Copyright (c) 1998-2018 The Apache Software Foundation
2018-08-31 09:37:36,334 INFO o.a.j.JMeter: Version 4.0 r1823414
2018-08-31 09:37:36,334 INFO o.a.j.JMeter: java.version=1.8.0_181
2018-08-31 09:37:36,334 INFO o.a.j.JMeter: java.vm.name=Java HotSpot(TM) 64-Bit Server VM
2018-08-31 09:37:36,334 INFO o.a.j.JMeter: os.name=Windows 10
2018-08-31 09:37:36,334 INFO o.a.j.JMeter: os.arch=amd64
2018-08-31 09:37:36,334 INFO o.a.j.JMeter: os.version=10.0
2018-08-31 09:37:36,334 INFO o.a.j.JMeter: file.encoding=Cp1252
2018-08-31 09:37:36,334 INFO o.a.j.JMeter: Max memory     =2147483648
2018-08-31 09:37:36,334 INFO o.a.j.JMeter: Available Processors =8
2018-08-31 09:37:36,337 INFO o.a.j.JMeter: Default Locale=English (EN)
2018-08-31 09:37:36,338 INFO o.a.j.JMeter: JMeter  Locale=English (EN)
2018-08-31 09:37:36,338 INFO o.a.j.JMeter: JMeterHome=C:\workdir\Tools\Jmeter\apache-jmeter-4.0
2018-08-31 09:37:36,338 INFO o.a.j.JMeter: user.dir  =c:\workdir\eats\performance_jmeter
2018-08-31 09:37:36,338 INFO o.a.j.JMeter: PWD       =C:\workdir\eats\performance_jmeter
2018-08-31 09:37:40,844 INFO o.a.j.JMeter: IP: 10.0.75.1 Name: AALAM-LAP FullName: AALAM-LAP.tsi.lan
2018-08-31 09:37:41,017 INFO o.a.j.g.a.LookAndFeelCommand: Installing Darcula LAF
2018-08-31 09:37:41,029 INFO o.a.j.g.a.LookAndFeelCommand: Using look and feel: com.bulenkov.darcula.DarculaLaf [Darcula]
2018-08-31 09:37:41,029 INFO o.a.j.JMeter: Setting LAF to: com.bulenkov.darcula.DarculaLaf
2018-08-31 09:37:41,086 INFO o.a.j.JMeter: Loaded icon properties from org/apache/jmeter/images/icon.properties
2018-08-31 09:37:51,621 INFO o.a.j.e.u.CompoundVariable: Note: Function class names must contain the string: '.functions.'
2018-08-31 09:37:51,621 INFO o.a.j.e.u.CompoundVariable: Note: Function class names must not contain the string: '.gui.'
2018-08-31 09:37:53,438 INFO o.a.j.p.h.s.HTTPSamplerBase: Parser for text/html is org.apache.jmeter.protocol.http.parser.LagartoBasedHtmlParser
2018-08-31 09:37:53,438 INFO o.a.j.p.h.s.HTTPSamplerBase: Parser for application/xhtml+xml is org.apache.jmeter.protocol.http.parser.LagartoBasedHtmlParser
2018-08-31 09:37:53,438 INFO o.a.j.p.h.s.HTTPSamplerBase: Parser for application/xml is org.apache.jmeter.protocol.http.parser.LagartoBasedHtmlParser
2018-08-31 09:37:53,438 INFO o.a.j.p.h.s.HTTPSamplerBase: Parser for text/xml is org.apache.jmeter.protocol.http.parser.LagartoBasedHtmlParser
2018-08-31 09:37:53,438 INFO o.a.j.p.h.s.HTTPSamplerBase: Parser for text/vnd.wap.wml is org.apache.jmeter.protocol.http.parser.RegexpHTMLParser
2018-08-31 09:37:53,438 INFO o.a.j.p.h.s.HTTPSamplerBase: Parser for text/css is org.apache.jmeter.protocol.http.parser.CssParser
2018-08-31 09:37:53,571 INFO o.a.j.e.KeyToolUtils: Exception checking for keytool existence, will return false, try another way.
2018-08-31 09:37:53,718 INFO o.a.j.e.KeyToolUtils: keytool found at 'C:\Program Files\Java\jre1.8.0_181\bin\keytool'
2018-08-31 09:37:53,719 INFO o.a.j.p.h.p.ProxyControl: HTTP(S) Test Script Recorder SSL Proxy will use keys that support embedded 3rd party resources in file C:\workdir\Tools\Jmeter\apache-jmeter-4.0\bin\proxyserver.jks
2018-08-31 09:37:54,741 INFO o.a.j.s.FileServer: Default base='c:\workdir\eats\performance_jmeter'
2018-08-31 09:37:55,383 INFO o.a.j.s.SampleResult: Note: Sample TimeStamps are START times
2018-08-31 09:37:55,383 INFO o.a.j.s.SampleResult: sampleresult.default.encoding is set to ISO-8859-1
2018-08-31 09:37:55,384 INFO o.a.j.s.SampleResult: sampleresult.useNanoTime=true
2018-08-31 09:37:55,384 INFO o.a.j.s.SampleResult: sampleresult.nanoThreadSleep=5000
2018-08-31 09:37:59,979 INFO o.a.j.g.a.Load: Loading file: C:\workdir\eats\performance_jmeter\scripts\jmeter\TabID_API3.1_Perf_v0.1.jmx
2018-08-31 09:37:59,979 INFO o.a.j.s.FileServer: Set new base='C:\workdir\eats\performance_jmeter\scripts\jmeter'
2018-08-31 09:38:00,121 INFO o.a.j.s.SaveService: Testplan (JMX) version: 2.2. Testlog (JTL) version: 2.2
2018-08-31 09:38:00,137 INFO o.a.j.s.SaveService: Using SaveService properties file encoding UTF-8
2018-08-31 09:38:00,138 INFO o.a.j.s.SaveService: Using SaveService properties version 4.0
2018-08-31 09:38:00,141 INFO o.a.j.s.SaveService: Loading file: C:\workdir\eats\performance_jmeter\scripts\jmeter\TabID_API3.1_Perf_v0.1.jmx
2018-08-31 09:38:00,796 INFO o.a.j.s.FileServer: Set new base='C:\workdir\eats\performance_jmeter\scripts\jmeter'
2018-08-31 09:38:08,363 INFO o.a.j.e.StandardJMeterEngine: Running the test!
2018-08-31 09:38:08,364 INFO o.a.j.s.SampleEvent: List of sample_variables: []
2018-08-31 09:38:08,364 INFO o.a.j.s.SampleEvent: List of sample_variables: []
2018-08-31 09:38:08,395 INFO o.a.j.g.u.JMeterMenuBar: setRunning(true, *local*)
2018-08-31 09:38:08,400 INFO o.a.j.e.StandardJMeterEngine: Starting setUp thread groups
2018-08-31 09:38:08,400 INFO o.a.j.e.StandardJMeterEngine: Starting setUp ThreadGroup: 1 : setUp Thread Group 
2018-08-31 09:38:08,400 INFO o.a.j.e.StandardJMeterEngine: Starting 1 threads for group setUp Thread Group.
2018-08-31 09:38:08,401 INFO o.a.j.e.StandardJMeterEngine: Thread will continue on error
2018-08-31 09:38:08,401 INFO o.a.j.t.ThreadGroup: Starting thread group... number=1 threads=1 ramp-up=1 perThread=1000.0 delayedStart=false
2018-08-31 09:38:08,405 INFO o.a.j.t.ThreadGroup: Started thread group number 1
2018-08-31 09:38:08,405 INFO o.a.j.e.StandardJMeterEngine: Waiting for all setup thread groups to exit
2018-08-31 09:38:08,409 INFO o.a.j.t.JMeterThread: Thread started: setUp Thread Group 1-1
2018-08-31 09:38:08,447 INFO o.a.j.p.j.s.JSR223Sampler: List of Variables are: 


2018-08-31 09:38:08,447 INFO o.a.j.p.j.s.JSR223Sampler: Quantity of variables: 15.

[VARIABLE NAME]      ==>>      [VARIABLE VALUE]

USER_DEFAULT_PASSWORD  ==>>  password123
REGISTER_THROUGHPUT_CONFIG  ==>>  50
JMeterThread.last_sample_ok  ==>>  true
LOGIN_THROUGHPUT_CONFIG  ==>>  500
START.HMS  ==>>  093740
Env  ==>>  vNext
START.YMD  ==>>  20180831
START.MS  ==>>  1535733460844
TESTSTART.MS  ==>>  1535733488364
TAB_ID_USER  ==>>  bw.sandbox
__jm__setUp Thread Group__idx  ==>>  0
TAB_ID_SERVER  ==>>  id.vnext.tabint.net
DATAPATH  ==>>  ./testdata
JMeterThread.pack  ==>>  org.apache.jmeter.threads.SamplePackage@dd0b00f
TAB_ID_PW  ==>>  94005396c37aa5951e2c13fce7ade970

2018-08-31 09:38:09,954 INFO o.a.j.p.j.s.JSR223Sampler: ./testdata/vNext_RegisterUserDetails.csv
2018-08-31 09:38:10,039 INFO o.a.j.t.JMeterThread: Thread is done: setUp Thread Group 1-1
2018-08-31 09:38:10,039 INFO o.a.j.t.JMeterThread: Thread finished: setUp Thread Group 1-1
2018-08-31 09:38:10,040 INFO o.a.j.e.StandardJMeterEngine: All Setup Threads have ended
2018-08-31 09:38:10,291 INFO o.a.j.e.StandardJMeterEngine: Starting ThreadGroup: 1 : RegisterAndActivate
2018-08-31 09:38:10,291 INFO o.a.j.e.StandardJMeterEngine: Starting 20 threads for group RegisterAndActivate.
2018-08-31 09:38:10,291 INFO o.a.j.e.StandardJMeterEngine: Thread will continue on error
2018-08-31 09:38:10,291 INFO o.a.j.t.ThreadGroup: Starting thread group... number=1 threads=20 ramp-up=1 perThread=50.0 delayedStart=true
2018-08-31 09:38:10,293 INFO o.a.j.t.ThreadGroup: Started thread group number 1
2018-08-31 09:38:10,293 INFO o.a.j.e.StandardJMeterEngine: Starting ThreadGroup: 2 : UserLogin
2018-08-31 09:38:10,293 INFO o.a.j.e.StandardJMeterEngine: Starting 50 threads for group UserLogin.
2018-08-31 09:38:10,293 INFO o.a.j.e.StandardJMeterEngine: Thread will continue on error
2018-08-31 09:38:10,294 INFO o.a.j.t.ThreadGroup: Starting thread group... number=2 threads=50 ramp-up=60 perThread=1200.0 delayedStart=true
2018-08-31 09:38:10,294 INFO o.a.j.t.ThreadGroup: Started thread group number 2
2018-08-31 09:38:10,294 INFO o.a.j.e.StandardJMeterEngine: All thread groups have been started
2018-08-31 09:38:20,304 INFO o.a.j.t.JMeterThread: Thread started: UserLogin 2-1
2018-08-31 09:38:20,317 INFO o.a.j.t.JMeterThread: Thread started: RegisterAndActivate 1-1
2018-08-31 09:38:20,373 INFO o.a.j.t.JMeterThread: Thread started: RegisterAndActivate 1-2
2018-08-31 09:38:20,378 INFO o.a.j.p.h.s.HTTPHCAbstractImpl: Local host = AALAM-LAP
2018-08-31 09:38:20,383 INFO o.a.j.p.h.s.HTTPHC4Impl: HTTP request retry count = 0
2018-08-31 09:38:20,429 INFO o.a.j.p.h.s.LazySchemeSocketFactory: Setting up HTTPS TrustAll Socket Factory
2018-08-31 09:38:20,431 INFO o.a.j.t.JMeterThread: Thread started: RegisterAndActivate 1-3
2018-08-31 09:38:20,431 INFO o.a.j.u.JsseSSLManager: Using default SSL protocol: TLS
2018-08-31 09:38:20,431 INFO o.a.j.u.JsseSSLManager: SSL session context: per-thread
2018-08-31 09:38:20,439 INFO o.a.j.u.SSLManager: JmeterKeyStore Location:  type JKS
2018-08-31 09:38:20,440 INFO o.a.j.u.SSLManager: KeyStore created OK
2018-08-31 09:38:20,440 WARN o.a.j.u.SSLManager: Keystore file not found, loading empty keystore
2018-08-31 09:38:20,488 INFO o.a.j.t.JMeterThread: Thread started: RegisterAndActivate 1-4
2018-08-31 09:38:20,571 INFO o.a.j.t.JMeterThread: Thread started: RegisterAndActivate 1-5
2018-08-31 09:38:20,625 INFO o.a.j.t.JMeterThread: Thread started: RegisterAndActivate 1-6
2018-08-31 09:38:20,694 INFO o.a.j.t.JMeterThread: Thread started: RegisterAndActivate 1-7
2018-08-31 09:38:20,758 INFO o.a.j.t.JMeterThread: Thread started: RegisterAndActivate 1-8
2018-08-31 09:38:20,812 INFO o.a.j.t.JMeterThread: Thread started: RegisterAndActivate 1-9
2018-08-31 09:38:20,867 INFO o.a.j.t.JMeterThread: Thread started: RegisterAndActivate 1-10
2018-08-31 09:38:20,921 INFO o.a.j.t.JMeterThread: Thread started: RegisterAndActivate 1-11
2018-08-31 09:38:20,978 INFO o.a.j.t.JMeterThread: Thread started: RegisterAndActivate 1-12
2018-08-31 09:38:21,032 INFO o.a.j.t.JMeterThread: Thread started: RegisterAndActivate 1-13
2018-08-31 09:38:21,086 INFO o.a.j.t.JMeterThread: Thread started: RegisterAndActivate 1-14
2018-08-31 09:38:21,140 INFO o.a.j.t.JMeterThread: Thread started: RegisterAndActivate 1-15
2018-08-31 09:38:21,194 INFO o.a.j.t.JMeterThread: Thread started: RegisterAndActivate 1-16
2018-08-31 09:38:21,249 INFO o.a.j.t.JMeterThread: Thread started: RegisterAndActivate 1-17
2018-08-31 09:38:21,308 INFO o.a.j.t.JMeterThread: Thread started: RegisterAndActivate 1-18
2018-08-31 09:38:21,368 INFO o.a.j.t.JMeterThread: Thread started: RegisterAndActivate 1-19
2018-08-31 09:38:21,422 INFO o.a.j.t.JMeterThread: Thread started: RegisterAndActivate 1-20
2018-08-31 09:38:21,501 INFO o.a.j.t.JMeterThread: Thread started: UserLogin 2-2
2018-08-31 09:38:22,701 INFO o.a.j.t.JMeterThread: Thread started: UserLogin 2-3
2018-08-31 09:38:23,903 INFO o.a.j.t.JMeterThread: Thread started: UserLogin 2-4
2018-08-31 09:38:25,103 INFO o.a.j.t.JMeterThread: Thread started: UserLogin 2-5
2018-08-31 09:38:26,305 INFO o.a.j.t.JMeterThread: Thread started: UserLogin 2-6
2018-08-31 09:38:27,504 INFO o.a.j.t.JMeterThread: Thread started: UserLogin 2-7
2018-08-31 09:38:28,704 INFO o.a.j.t.JMeterThread: Thread started: UserLogin 2-8
2018-08-31 09:38:29,905 INFO o.a.j.t.JMeterThread: Thread started: UserLogin 2-9
2018-08-31 09:38:31,106 INFO o.a.j.t.JMeterThread: Thread started: UserLogin 2-10
2018-08-31 09:38:32,306 INFO o.a.j.t.JMeterThread: Thread started: UserLogin 2-11
2018-08-31 09:38:33,508 INFO o.a.j.t.JMeterThread: Thread started: UserLogin 2-12
2018-08-31 09:38:34,708 INFO o.a.j.t.JMeterThread: Thread started: UserLogin 2-13
2018-08-31 09:38:35,908 INFO o.a.j.t.JMeterThread: Thread started: UserLogin 2-14
2018-08-31 09:38:37,109 INFO o.a.j.t.JMeterThread: Thread started: UserLogin 2-15
2018-08-31 09:38:38,309 INFO o.a.j.t.JMeterThread: Thread started: UserLogin 2-16
2018-08-31 09:38:39,510 INFO o.a.j.t.JMeterThread: Thread started: UserLogin 2-17
2018-08-31 09:38:40,710 INFO o.a.j.t.JMeterThread: Thread started: UserLogin 2-18
2018-08-31 09:38:41,910 INFO o.a.j.t.JMeterThread: Thread started: UserLogin 2-19
2018-08-31 09:38:43,111 INFO o.a.j.t.JMeterThread: Thread started: UserLogin 2-20
2018-08-31 09:38:44,311 INFO o.a.j.t.JMeterThread: Thread started: UserLogin 2-21
2018-08-31 09:38:44,903 INFO o.a.j.u.BeanShellTestElement: ./testdata/vNext_RegisterUserDetails.csv
2018-08-31 09:38:44,910 INFO o.a.j.u.BeanShellTestElement: ./testdata/vNext_RegisterUserDetails.csv
2018-08-31 09:38:45,000 INFO o.a.j.u.BeanShellTestElement: ./testdata/vNext_RegisterUserDetails.csv
2018-08-31 09:38:45,008 INFO o.a.j.u.BeanShellTestElement: ./testdata/vNext_RegisterUserDetails.csv
2018-08-31 09:38:45,078 INFO o.a.j.u.BeanShellTestElement: ./testdata/vNext_RegisterUserDetails.csv
2018-08-31 09:38:45,203 INFO o.a.j.u.BeanShellTestElement: ./testdata/vNext_RegisterUserDetails.csv
2018-08-31 09:38:45,274 INFO o.a.j.u.BeanShellTestElement: ./testdata/vNext_RegisterUserDetails.csv
2018-08-31 09:38:45,278 INFO o.a.j.u.BeanShellTestElement: ./testdata/vNext_RegisterUserDetails.csv
2018-08-31 09:38:45,317 INFO o.a.j.u.BeanShellTestElement: ./testdata/vNext_RegisterUserDetails.csv
2018-08-31 09:38:45,384 INFO o.a.j.u.BeanShellTestElement: ./testdata/vNext_RegisterUserDetails.csv
2018-08-31 09:38:45,441 INFO o.a.j.u.BeanShellTestElement: ./testdata/vNext_RegisterUserDetails.csv
2018-08-31 09:38:45,495 INFO o.a.j.u.BeanShellTestElement: ./testdata/vNext_RegisterUserDetails.csv
2018-08-31 09:38:45,512 INFO o.a.j.t.JMeterThread: Thread started: UserLogin 2-22
2018-08-31 09:38:45,551 INFO o.a.j.u.BeanShellTestElement: ./testdata/vNext_RegisterUserDetails.csv
2018-08-31 09:38:45,633 INFO o.a.j.u.BeanShellTestElement: ./testdata/vNext_RegisterUserDetails.csv
2018-08-31 09:38:45,650 INFO o.a.j.u.BeanShellTestElement: ./testdata/vNext_RegisterUserDetails.csv
2018-08-31 09:38:45,698 INFO o.a.j.u.BeanShellTestElement: ./testdata/vNext_RegisterUserDetails.csv
2018-08-31 09:38:45,776 INFO o.a.j.u.BeanShellTestElement: ./testdata/vNext_RegisterUserDetails.csv
2018-08-31 09:38:45,830 INFO o.a.j.u.BeanShellTestElement: ./testdata/vNext_RegisterUserDetails.csv
2018-08-31 09:38:45,870 INFO o.a.j.u.BeanShellTestElement: ./testdata/vNext_RegisterUserDetails.csv
2018-08-31 09:38:45,920 INFO o.a.j.u.BeanShellTestElement: ./testdata/vNext_RegisterUserDetails.csv
2018-08-31 09:38:46,713 INFO o.a.j.t.JMeterThread: Thread started: UserLogin 2-23
2018-08-31 09:38:47,914 INFO o.a.j.t.JMeterThread: Thread started: UserLogin 2-24
2018-08-31 09:38:49,114 INFO o.a.j.t.JMeterThread: Thread started: UserLogin 2-25
2018-08-31 09:38:50,314 INFO o.a.j.t.JMeterThread: Thread started: UserLogin 2-26
2018-08-31 09:38:51,516 INFO o.a.j.t.JMeterThread: Thread started: UserLogin 2-27
2018-08-31 09:38:52,716 INFO o.a.j.t.JMeterThread: Thread started: UserLogin 2-28
2018-08-31 09:38:53,917 INFO o.a.j.t.JMeterThread: Thread started: UserLogin 2-29
2018-08-31 09:38:55,117 INFO o.a.j.t.JMeterThread: Thread started: UserLogin 2-30
2018-08-31 09:38:56,317 INFO o.a.j.t.JMeterThread: Thread started: UserLogin 2-31
2018-08-31 09:38:57,517 INFO o.a.j.t.JMeterThread: Thread started: UserLogin 2-32
2018-08-31 09:38:58,718 INFO o.a.j.t.JMeterThread: Thread started: UserLogin 2-33
2018-08-31 09:38:59,918 INFO o.a.j.t.JMeterThread: Thread started: UserLogin 2-34
2018-08-31 09:39:01,119 INFO o.a.j.t.JMeterThread: Thread started: UserLogin 2-35
2018-08-31 09:39:02,320 INFO o.a.j.t.JMeterThread: Thread started: UserLogin 2-36
2018-08-31 09:39:03,521 INFO o.a.j.t.JMeterThread: Thread started: UserLogin 2-37
2018-08-31 09:39:04,721 INFO o.a.j.t.JMeterThread: Thread started: UserLogin 2-38
2018-08-31 09:39:05,921 INFO o.a.j.t.JMeterThread: Thread started: UserLogin 2-39
2018-08-31 09:39:07,122 INFO o.a.j.t.JMeterThread: Thread started: UserLogin 2-40
2018-08-31 09:39:08,322 INFO o.a.j.t.JMeterThread: Thread started: UserLogin 2-41
2018-08-31 09:39:09,523 INFO o.a.j.t.JMeterThread: Thread started: UserLogin 2-42
2018-08-31 09:39:10,723 INFO o.a.j.t.JMeterThread: Thread started: UserLogin 2-43
2018-08-31 09:39:11,924 INFO o.a.j.t.JMeterThread: Thread started: UserLogin 2-44
2018-08-31 09:39:13,124 INFO o.a.j.t.JMeterThread: Thread started: UserLogin 2-45
2018-08-31 09:39:14,324 INFO o.a.j.t.JMeterThread: Thread started: UserLogin 2-46
2018-08-31 09:39:15,525 INFO o.a.j.t.JMeterThread: Thread started: UserLogin 2-47
2018-08-31 09:39:16,727 INFO o.a.j.t.JMeterThread: Thread started: UserLogin 2-48
2018-08-31 09:39:17,927 INFO o.a.j.t.JMeterThread: Thread started: UserLogin 2-49
2018-08-31 09:39:19,127 INFO o.a.j.t.JMeterThread: Thread started: UserLogin 2-50
2018-08-31 09:39:32,932 INFO o.a.j.u.BeanShellTestElement: ./testdata/vNext_RegisterUserDetails.csv
2018-08-31 09:39:32,934 INFO o.a.j.u.BeanShellTestElement: ./testdata/vNext_RegisterUserDetails.csv
2018-08-31 09:39:33,014 INFO o.a.j.u.BeanShellTestElement: ./testdata/vNext_RegisterUserDetails.csv
2018-08-31 09:39:33,065 INFO o.a.j.u.BeanShellTestElement: ./testdata/vNext_RegisterUserDetails.csv
2018-08-31 09:39:33,113 INFO o.a.j.u.BeanShellTestElement: ./testdata/vNext_RegisterUserDetails.csv
2018-08-31 09:39:33,154 INFO o.a.j.u.BeanShellTestElement: ./testdata/vNext_RegisterUserDetails.csv
2018-08-31 09:39:33,204 INFO o.a.j.u.BeanShellTestElement: ./testdata/vNext_RegisterUserDetails.csv
2018-08-31 09:39:33,289 INFO o.a.j.u.BeanShellTestElement: ./testdata/vNext_RegisterUserDetails.csv
2018-08-31 09:39:33,352 INFO o.a.j.u.BeanShellTestElement: ./testdata/vNext_RegisterUserDetails.csv
2018-08-31 09:39:33,397 INFO o.a.j.u.BeanShellTestElement: ./testdata/vNext_RegisterUserDetails.csv
2018-08-31 09:39:33,451 INFO o.a.j.u.BeanShellTestElement: ./testdata/vNext_RegisterUserDetails.csv
2018-08-31 09:39:33,505 INFO o.a.j.u.BeanShellTestElement: ./testdata/vNext_RegisterUserDetails.csv
2018-08-31 09:39:33,540 INFO o.a.j.u.BeanShellTestElement: ./testdata/vNext_RegisterUserDetails.csv
2018-08-31 09:39:33,601 INFO o.a.j.u.BeanShellTestElement: ./testdata/vNext_RegisterUserDetails.csv
2018-08-31 09:39:33,655 INFO o.a.j.u.BeanShellTestElement: ./testdata/vNext_RegisterUserDetails.csv
2018-08-31 09:39:33,761 INFO o.a.j.u.BeanShellTestElement: ./testdata/vNext_RegisterUserDetails.csv
2018-08-31 09:39:33,810 INFO o.a.j.u.BeanShellTestElement: ./testdata/vNext_RegisterUserDetails.csv
2018-08-31 09:39:33,869 INFO o.a.j.u.BeanShellTestElement: ./testdata/vNext_RegisterUserDetails.csv
2018-08-31 09:39:33,931 INFO o.a.j.u.BeanShellTestElement: ./testdata/vNext_RegisterUserDetails.csv
2018-08-31 09:39:33,961 INFO o.a.j.u.BeanShellTestElement: ./testdata/vNext_RegisterUserDetails.csv
2018-08-31 09:39:38,119 INFO o.a.j.g.a.Start: Stopping test
2018-08-31 09:39:38,135 INFO o.a.j.t.JMeterThread: Stopping: RegisterAndActivate 1-7
2018-08-31 09:39:38,135 INFO o.a.j.t.JMeterThread: Stopping: RegisterAndActivate 1-10
2018-08-31 09:39:38,135 WARN o.a.j.t.JMeterThread: The delay timer was interrupted - probably did not wait as long as intended.
2018-08-31 09:39:38,135 INFO o.a.j.t.JMeterThread: Stopping: RegisterAndActivate 1-5
2018-08-31 09:39:38,135 WARN o.a.j.t.JMeterThread: The delay timer was interrupted - probably did not wait as long as intended.
2018-08-31 09:39:38,135 INFO o.a.j.t.JMeterThread: Stopping: RegisterAndActivate 1-4
2018-08-31 09:39:38,135 WARN o.a.j.t.JMeterThread: The delay timer was interrupted - probably did not wait as long as intended.
2018-08-31 09:39:38,135 INFO o.a.j.t.JMeterThread: Stopping: RegisterAndActivate 1-8
2018-08-31 09:39:38,135 WARN o.a.j.t.JMeterThread: The delay timer was interrupted - probably did not wait as long as intended.
2018-08-31 09:39:38,135 INFO o.a.j.t.JMeterThread: Stopping: RegisterAndActivate 1-16
2018-08-31 09:39:38,135 INFO o.a.j.t.JMeterThread: Thread finished: RegisterAndActivate 1-7
2018-08-31 09:39:38,135 WARN o.a.j.t.JMeterThread: The delay timer was interrupted - probably did not wait as long as intended.
2018-08-31 09:39:38,135 INFO o.a.j.t.JMeterThread: Thread finished: RegisterAndActivate 1-10
2018-08-31 09:39:38,135 INFO o.a.j.t.JMeterThread: Stopping: RegisterAndActivate 1-2
2018-08-31 09:39:38,135 WARN o.a.j.t.JMeterThread: The delay timer was interrupted - probably did not wait as long as intended.
2018-08-31 09:39:38,136 WARN o.a.j.t.JMeterThread: The delay timer was interrupted - probably did not wait as long as intended.
2018-08-31 09:39:38,135 INFO o.a.j.t.JMeterThread: Thread finished: RegisterAndActivate 1-4
2018-08-31 09:39:38,136 INFO o.a.j.t.JMeterThread: Thread finished: RegisterAndActivate 1-16
2018-08-31 09:39:38,136 INFO o.a.j.t.JMeterThread: Stopping: RegisterAndActivate 1-6
2018-08-31 09:39:38,136 INFO o.a.j.t.JMeterThread: Thread finished: RegisterAndActivate 1-8
2018-08-31 09:39:38,137 WARN o.a.j.t.JMeterThread: The delay timer was interrupted - probably did not wait as long as intended.
2018-08-31 09:39:38,135 INFO o.a.j.t.JMeterThread: Thread finished: RegisterAndActivate 1-5
2018-08-31 09:39:38,137 INFO o.a.j.t.JMeterThread: Stopping: RegisterAndActivate 1-17
2018-08-31 09:39:38,136 INFO o.a.j.t.JMeterThread: Thread finished: RegisterAndActivate 1-2
2018-08-31 09:39:38,137 WARN o.a.j.t.JMeterThread: The delay timer was interrupted - probably did not wait as long as intended.
2018-08-31 09:39:38,138 INFO o.a.j.t.JMeterThread: Thread finished: RegisterAndActivate 1-6
2018-08-31 09:39:38,139 INFO o.a.j.t.JMeterThread: Stopping: RegisterAndActivate 1-12
2018-08-31 09:39:38,139 INFO o.a.j.t.JMeterThread: Thread finished: RegisterAndActivate 1-17
2018-08-31 09:39:38,140 WARN o.a.j.t.JMeterThread: The delay timer was interrupted - probably did not wait as long as intended.
2018-08-31 09:39:38,140 INFO o.a.j.t.JMeterThread: Stopping: RegisterAndActivate 1-14
2018-08-31 09:39:38,140 INFO o.a.j.t.JMeterThread: Thread finished: RegisterAndActivate 1-12
2018-08-31 09:39:38,140 INFO o.a.j.t.JMeterThread: Stopping: RegisterAndActivate 1-3
2018-08-31 09:39:38,140 WARN o.a.j.t.JMeterThread: The delay timer was interrupted - probably did not wait as long as intended.
2018-08-31 09:39:38,140 INFO o.a.j.t.JMeterThread: Stopping: RegisterAndActivate 1-11
2018-08-31 09:39:38,141 INFO o.a.j.t.JMeterThread: Stopping: RegisterAndActivate 1-19
2018-08-31 09:39:38,141 WARN o.a.j.t.JMeterThread: The delay timer was interrupted - probably did not wait as long as intended.
2018-08-31 09:39:38,141 INFO o.a.j.t.JMeterThread: Stopping: RegisterAndActivate 1-9
2018-08-31 09:39:38,141 WARN o.a.j.t.JMeterThread: The delay timer was interrupted - probably did not wait as long as intended.
2018-08-31 09:39:38,141 WARN o.a.j.t.JMeterThread: The delay timer was interrupted - probably did not wait as long as intended.
2018-08-31 09:39:38,141 INFO o.a.j.t.JMeterThread: Stopping: RegisterAndActivate 1-1
2018-08-31 09:39:38,141 WARN o.a.j.t.JMeterThread: The delay timer was interrupted - probably did not wait as long as intended.
2018-08-31 09:39:38,142 INFO o.a.j.t.JMeterThread: Stopping: RegisterAndActivate 1-18
2018-08-31 09:39:38,142 WARN o.a.j.t.JMeterThread: The delay timer was interrupted - probably did not wait as long as intended.
2018-08-31 09:39:38,142 INFO o.a.j.t.JMeterThread: Thread finished: RegisterAndActivate 1-3
2018-08-31 09:39:38,141 INFO o.a.j.t.JMeterThread: Thread finished: RegisterAndActivate 1-14
2018-08-31 09:39:38,142 INFO o.a.j.t.JMeterThread: Thread finished: RegisterAndActivate 1-11
2018-08-31 09:39:38,142 INFO o.a.j.t.JMeterThread: Thread finished: RegisterAndActivate 1-1
2018-08-31 09:39:38,142 INFO o.a.j.t.JMeterThread: Thread finished: RegisterAndActivate 1-19
2018-08-31 09:39:38,143 WARN o.a.j.t.JMeterThread: The delay timer was interrupted - probably did not wait as long as intended.
2018-08-31 09:39:38,143 INFO o.a.j.t.JMeterThread: Stopping: RegisterAndActivate 1-13
2018-08-31 09:39:38,144 INFO o.a.j.t.JMeterThread: Thread finished: RegisterAndActivate 1-9
2018-08-31 09:39:38,144 INFO o.a.j.t.JMeterThread: Thread finished: RegisterAndActivate 1-18
2018-08-31 09:39:38,143 INFO o.a.j.t.JMeterThread: Stopping: RegisterAndActivate 1-15
2018-08-31 09:39:38,144 WARN o.a.j.t.JMeterThread: The delay timer was interrupted - probably did not wait as long as intended.
2018-08-31 09:39:38,144 WARN o.a.j.t.JMeterThread: The delay timer was interrupted - probably did not wait as long as intended.
2018-08-31 09:39:38,144 INFO o.a.j.t.JMeterThread: Stopping: RegisterAndActivate 1-20
2018-08-31 09:39:38,145 INFO o.a.j.t.JMeterThread: Thread finished: RegisterAndActivate 1-13
2018-08-31 09:39:38,145 WARN o.a.j.t.JMeterThread: The delay timer was interrupted - probably did not wait as long as intended.
2018-08-31 09:39:38,145 INFO o.a.j.t.JMeterThread: Thread finished: RegisterAndActivate 1-15
2018-08-31 09:39:38,145 INFO o.a.j.t.JMeterThread: Stopping: UserLogin 2-45
2018-08-31 09:39:38,145 WARN o.a.j.t.JMeterThread: The delay timer was interrupted - probably did not wait as long as intended.
2018-08-31 09:39:38,145 INFO o.a.j.t.JMeterThread: Thread finished: RegisterAndActivate 1-20
2018-08-31 09:39:38,145 INFO o.a.j.t.JMeterThread: Thread finished: UserLogin 2-45
2018-08-31 09:39:38,145 INFO o.a.j.t.JMeterThread: Stopping: UserLogin 2-37
2018-08-31 09:39:38,145 INFO o.a.j.t.JMeterThread: Stopping: UserLogin 2-7
2018-08-31 09:39:38,145 INFO o.a.j.t.JMeterThread: Stopping: UserLogin 2-35
2018-08-31 09:39:38,145 WARN o.a.j.t.JMeterThread: The delay timer was interrupted - probably did not wait as long as intended.
2018-08-31 09:39:38,145 WARN o.a.j.t.JMeterThread: The delay timer was interrupted - probably did not wait as long as intended.
2018-08-31 09:39:38,145 INFO o.a.j.t.JMeterThread: Thread finished: UserLogin 2-37
2018-08-31 09:39:38,145 WARN o.a.j.t.JMeterThread: The delay timer was interrupted - probably did not wait as long as intended.
2018-08-31 09:39:38,145 INFO o.a.j.t.JMeterThread: Thread finished: UserLogin 2-35
2018-08-31 09:39:38,146 INFO o.a.j.t.JMeterThread: Thread finished: UserLogin 2-7
2018-08-31 09:39:38,146 INFO o.a.j.t.JMeterThread: Stopping: UserLogin 2-1
2018-08-31 09:39:38,146 INFO o.a.j.t.JMeterThread: Stopping: UserLogin 2-29
2018-08-31 09:39:38,146 WARN o.a.j.t.JMeterThread: The delay timer was interrupted - probably did not wait as long as intended.
2018-08-31 09:39:38,146 INFO o.a.j.t.JMeterThread: Stopping: UserLogin 2-15
2018-08-31 09:39:38,146 INFO o.a.j.t.JMeterThread: Stopping: UserLogin 2-4
2018-08-31 09:39:38,146 WARN o.a.j.t.JMeterThread: The delay timer was interrupted - probably did not wait as long as intended.
2018-08-31 09:39:38,146 INFO o.a.j.t.JMeterThread: Thread finished: UserLogin 2-1
2018-08-31 09:39:38,146 WARN o.a.j.t.JMeterThread: The delay timer was interrupted - probably did not wait as long as intended.
2018-08-31 09:39:38,146 INFO o.a.j.t.JMeterThread: Stopping: UserLogin 2-31
2018-08-31 09:39:38,146 WARN o.a.j.t.JMeterThread: The delay timer was interrupted - probably did not wait as long as intended.
2018-08-31 09:39:38,146 INFO o.a.j.t.JMeterThread: Thread finished: UserLogin 2-29
2018-08-31 09:39:38,146 WARN o.a.j.t.JMeterThread: The delay timer was interrupted - probably did not wait as long as intended.
2018-08-31 09:39:38,146 INFO o.a.j.t.JMeterThread: Thread finished: UserLogin 2-15
2018-08-31 09:39:38,146 INFO o.a.j.t.JMeterThread: Stopping: UserLogin 2-21
2018-08-31 09:39:38,146 INFO o.a.j.t.JMeterThread: Thread finished: UserLogin 2-31
2018-08-31 09:39:38,146 WARN o.a.j.t.JMeterThread: The delay timer was interrupted - probably did not wait as long as intended.
2018-08-31 09:39:38,146 INFO o.a.j.t.JMeterThread: Thread finished: UserLogin 2-4
2018-08-31 09:39:38,146 INFO o.a.j.t.JMeterThread: Thread finished: UserLogin 2-21
2018-08-31 09:39:38,147 INFO o.a.j.t.JMeterThread: Stopping: UserLogin 2-32
2018-08-31 09:39:38,147 INFO o.a.j.t.JMeterThread: Stopping: UserLogin 2-5
2018-08-31 09:39:38,147 WARN o.a.j.t.JMeterThread: The delay timer was interrupted - probably did not wait as long as intended.
2018-08-31 09:39:38,147 INFO o.a.j.t.JMeterThread: Stopping: UserLogin 2-40
2018-08-31 09:39:38,147 WARN o.a.j.t.JMeterThread: The delay timer was interrupted - probably did not wait as long as intended.
2018-08-31 09:39:38,147 INFO o.a.j.t.JMeterThread: Stopping: UserLogin 2-47
2018-08-31 09:39:38,147 INFO o.a.j.t.JMeterThread: Thread finished: UserLogin 2-32
2018-08-31 09:39:38,147 WARN o.a.j.t.JMeterThread: The delay timer was interrupted - probably did not wait as long as intended.
2018-08-31 09:39:38,147 INFO o.a.j.t.JMeterThread: Stopping: UserLogin 2-17
2018-08-31 09:39:38,147 INFO o.a.j.t.JMeterThread: Thread finished: UserLogin 2-5
2018-08-31 09:39:38,147 WARN o.a.j.t.JMeterThread: The delay timer was interrupted - probably did not wait as long as intended.
2018-08-31 09:39:38,147 INFO o.a.j.t.JMeterThread: Thread finished: UserLogin 2-40
2018-08-31 09:39:38,147 WARN o.a.j.t.JMeterThread: The delay timer was interrupted - probably did not wait as long as intended.
2018-08-31 09:39:38,147 INFO o.a.j.t.JMeterThread: Thread finished: UserLogin 2-47
2018-08-31 09:39:38,147 INFO o.a.j.t.JMeterThread: Thread finished: UserLogin 2-17
2018-08-31 09:39:38,147 INFO o.a.j.t.JMeterThread: Stopping: UserLogin 2-38
2018-08-31 09:39:38,148 INFO o.a.j.t.JMeterThread: Stopping: UserLogin 2-41
2018-08-31 09:39:38,148 INFO o.a.j.t.JMeterThread: Stopping: UserLogin 2-27
2018-08-31 09:39:38,148 INFO o.a.j.t.JMeterThread: Stopping: UserLogin 2-11
2018-08-31 09:39:38,148 WARN o.a.j.t.JMeterThread: The delay timer was interrupted - probably did not wait as long as intended.
2018-08-31 09:39:38,148 WARN o.a.j.t.JMeterThread: The delay timer was interrupted - probably did not wait as long as intended.
2018-08-31 09:39:38,148 INFO o.a.j.t.JMeterThread: Stopping: UserLogin 2-14
2018-08-31 09:39:38,148 WARN o.a.j.t.JMeterThread: The delay timer was interrupted - probably did not wait as long as intended.
2018-08-31 09:39:38,148 INFO o.a.j.t.JMeterThread: Thread finished: UserLogin 2-41
2018-08-31 09:39:38,148 INFO o.a.j.t.JMeterThread: Thread finished: UserLogin 2-11
2018-08-31 09:39:38,148 WARN o.a.j.t.JMeterThread: The delay timer was interrupted - probably did not wait as long as intended.
2018-08-31 09:39:38,148 INFO o.a.j.t.JMeterThread: Thread finished: UserLogin 2-27
2018-08-31 09:39:38,148 INFO o.a.j.t.JMeterThread: Thread finished: UserLogin 2-14
2018-08-31 09:39:38,149 INFO o.a.j.t.JMeterThread: Stopping: UserLogin 2-46
2018-08-31 09:39:38,149 WARN o.a.j.t.JMeterThread: Interrupting: UserLogin 2-46 sampler: UserLogin
2018-08-31 09:39:38,153 INFO o.a.j.t.JMeterThread: Stopping: UserLogin 2-24
2018-08-31 09:39:38,153 INFO o.a.j.t.JMeterThread: Stopping: UserLogin 2-8
2018-08-31 09:39:38,153 WARN o.a.j.t.JMeterThread: The delay timer was interrupted - probably did not wait as long as intended.
2018-08-31 09:39:38,153 INFO o.a.j.t.JMeterThread: Stopping: UserLogin 2-44
2018-08-31 09:39:38,153 WARN o.a.j.t.JMeterThread: The delay timer was interrupted - probably did not wait as long as intended.
2018-08-31 09:39:38,153 INFO o.a.j.t.JMeterThread: Stopping: UserLogin 2-9
2018-08-31 09:39:38,153 WARN o.a.j.t.JMeterThread: The delay timer was interrupted - probably did not wait as long as intended.
2018-08-31 09:39:38,153 INFO o.a.j.t.JMeterThread: Stopping: UserLogin 2-12
2018-08-31 09:39:38,153 WARN o.a.j.t.JMeterThread: The delay timer was interrupted - probably did not wait as long as intended.
2018-08-31 09:39:38,153 INFO o.a.j.t.JMeterThread: Stopping: UserLogin 2-6
2018-08-31 09:39:38,153 INFO o.a.j.t.JMeterThread: Stopping: UserLogin 2-25
2018-08-31 09:39:38,153 INFO o.a.j.t.JMeterThread: Thread finished: UserLogin 2-9
2018-08-31 09:39:38,153 WARN o.a.j.t.JMeterThread: The delay timer was interrupted - probably did not wait as long as intended.
2018-08-31 09:39:38,154 WARN o.a.j.t.JMeterThread: The delay timer was interrupted - probably did not wait as long as intended.
2018-08-31 09:39:38,153 INFO o.a.j.t.JMeterThread: Thread finished: UserLogin 2-8
2018-08-31 09:39:38,154 INFO o.a.j.t.JMeterThread: Thread finished: UserLogin 2-6
2018-08-31 09:39:38,154 INFO o.a.j.t.JMeterThread: Thread finished: UserLogin 2-25
2018-08-31 09:39:38,153 INFO o.a.j.t.JMeterThread: Thread finished: UserLogin 2-44
2018-08-31 09:39:38,153 INFO o.a.j.t.JMeterThread: Thread finished: UserLogin 2-24
2018-08-31 09:39:38,153 WARN o.a.j.t.JMeterThread: The delay timer was interrupted - probably did not wait as long as intended.
2018-08-31 09:39:38,154 INFO o.a.j.t.JMeterThread: Stopping: UserLogin 2-49
2018-08-31 09:39:38,154 INFO o.a.j.t.JMeterThread: Thread finished: UserLogin 2-12
2018-08-31 09:39:38,155 INFO o.a.j.t.JMeterThread: Stopping: UserLogin 2-50
2018-08-31 09:39:38,155 WARN o.a.j.t.JMeterThread: The delay timer was interrupted - probably did not wait as long as intended.
2018-08-31 09:39:38,155 INFO o.a.j.t.JMeterThread: Stopping: UserLogin 2-16
2018-08-31 09:39:38,155 INFO o.a.j.t.JMeterThread: Stopping: UserLogin 2-30
2018-08-31 09:39:38,155 INFO o.a.j.t.JMeterThread: Thread finished: UserLogin 2-49
2018-08-31 09:39:38,155 WARN o.a.j.t.JMeterThread: The delay timer was interrupted - probably did not wait as long as intended.
2018-08-31 09:39:38,155 WARN o.a.j.t.JMeterThread: The delay timer was interrupted - probably did not wait as long as intended.
2018-08-31 09:39:38,155 INFO o.a.j.t.JMeterThread: Stopping: UserLogin 2-20
2018-08-31 09:39:38,155 WARN o.a.j.t.JMeterThread: The delay timer was interrupted - probably did not wait as long as intended.
2018-08-31 09:39:38,155 INFO o.a.j.t.JMeterThread: Stopping: UserLogin 2-19
2018-08-31 09:39:38,155 INFO o.a.j.t.JMeterThread: Thread finished: UserLogin 2-16
2018-08-31 09:39:38,155 INFO o.a.j.t.JMeterThread: Thread finished: UserLogin 2-50
2018-08-31 09:39:38,155 WARN o.a.j.t.JMeterThread: The delay timer was interrupted - probably did not wait as long as intended.
2018-08-31 09:39:38,155 WARN o.a.j.t.JMeterThread: The delay timer was interrupted - probably did not wait as long as intended.
2018-08-31 09:39:38,155 INFO o.a.j.t.JMeterThread: Stopping: UserLogin 2-36
2018-08-31 09:39:38,155 INFO o.a.j.t.JMeterThread: Thread finished: UserLogin 2-30
2018-08-31 09:39:38,155 INFO o.a.j.t.JMeterThread: Thread finished: UserLogin 2-19
2018-08-31 09:39:38,155 INFO o.a.j.t.JMeterThread: Thread finished: UserLogin 2-20
2018-08-31 09:39:38,156 WARN o.a.j.t.JMeterThread: The delay timer was interrupted - probably did not wait as long as intended.
2018-08-31 09:39:38,156 INFO o.a.j.t.JMeterThread: Stopping: UserLogin 2-3
2018-08-31 09:39:38,156 INFO o.a.j.t.JMeterThread: Thread finished: UserLogin 2-36
2018-08-31 09:39:38,156 INFO o.a.j.t.JMeterThread: Stopping: UserLogin 2-26
2018-08-31 09:39:38,156 WARN o.a.j.t.JMeterThread: The delay timer was interrupted - probably did not wait as long as intended.
2018-08-31 09:39:38,156 WARN o.a.j.t.JMeterThread: Interrupting: UserLogin 2-26 sampler: UserLogin
2018-08-31 09:39:38,156 INFO o.a.j.t.JMeterThread: Thread finished: UserLogin 2-3
2018-08-31 09:39:38,157 INFO o.a.j.t.JMeterThread: Stopping: UserLogin 2-23
2018-08-31 09:39:38,157 INFO o.a.j.t.JMeterThread: Stopping: UserLogin 2-39
2018-08-31 09:39:38,157 WARN o.a.j.t.JMeterThread: The delay timer was interrupted - probably did not wait as long as intended.
2018-08-31 09:39:38,157 INFO o.a.j.t.JMeterThread: Stopping: UserLogin 2-2
2018-08-31 09:39:38,157 INFO o.a.j.t.JMeterThread: Stopping: UserLogin 2-42
2018-08-31 09:39:38,157 WARN o.a.j.t.JMeterThread: The delay timer was interrupted - probably did not wait as long as intended.
2018-08-31 09:39:38,157 INFO o.a.j.t.JMeterThread: Thread finished: UserLogin 2-23
2018-08-31 09:39:38,157 WARN o.a.j.t.JMeterThread: Interrupting: UserLogin 2-42 sampler: UserLogin
2018-08-31 09:39:38,157 WARN o.a.j.t.JMeterThread: The delay timer was interrupted - probably did not wait as long as intended.
2018-08-31 09:39:38,158 INFO o.a.j.t.JMeterThread: Thread finished: UserLogin 2-39
2018-08-31 09:39:38,158 INFO o.a.j.t.JMeterThread: Thread finished: UserLogin 2-2
2018-08-31 09:39:38,159 INFO o.a.j.t.JMeterThread: Stopping: UserLogin 2-18
2018-08-31 09:39:38,159 INFO o.a.j.t.JMeterThread: Stopping: UserLogin 2-48
2018-08-31 09:39:38,159 WARN o.a.j.t.JMeterThread: The delay timer was interrupted - probably did not wait as long as intended.
2018-08-31 09:39:38,159 INFO o.a.j.t.JMeterThread: Stopping: UserLogin 2-10
2018-08-31 09:39:38,159 INFO o.a.j.t.JMeterThread: Thread finished: UserLogin 2-18
2018-08-31 09:39:38,159 INFO o.a.j.t.JMeterThread: Stopping: UserLogin 2-22
2018-08-31 09:39:38,160 INFO o.a.j.t.JMeterThread: Stopping: UserLogin 2-28
2018-08-31 09:39:38,160 INFO o.a.j.t.JMeterThread: Stopping: UserLogin 2-13
2018-08-31 09:39:38,159 WARN o.a.j.t.JMeterThread: The delay timer was interrupted - probably did not wait as long as intended.
2018-08-31 09:39:38,160 WARN o.a.j.t.JMeterThread: The delay timer was interrupted - probably did not wait as long as intended.
2018-08-31 09:39:38,160 INFO o.a.j.t.JMeterThread: Thread finished: UserLogin 2-48
2018-08-31 09:39:38,160 INFO o.a.j.t.JMeterThread: Thread finished: UserLogin 2-28
2018-08-31 09:39:38,160 WARN o.a.j.t.JMeterThread: The delay timer was interrupted - probably did not wait as long as intended.
2018-08-31 09:39:38,160 WARN o.a.j.t.JMeterThread: The delay timer was interrupted - probably did not wait as long as intended.
2018-08-31 09:39:38,161 INFO o.a.j.t.JMeterThread: Thread finished: UserLogin 2-22
2018-08-31 09:39:38,161 INFO o.a.j.t.JMeterThread: Thread finished: UserLogin 2-10
2018-08-31 09:39:38,161 WARN o.a.j.t.JMeterThread: The delay timer was interrupted - probably did not wait as long as intended.
2018-08-31 09:39:38,161 INFO o.a.j.t.JMeterThread: Thread finished: UserLogin 2-13
2018-08-31 09:39:38,161 INFO o.a.j.t.JMeterThread: Stopping: UserLogin 2-34
2018-08-31 09:39:38,162 WARN o.a.j.t.JMeterThread: The delay timer was interrupted - probably did not wait as long as intended.
2018-08-31 09:39:38,162 INFO o.a.j.t.JMeterThread: Stopping: UserLogin 2-43
2018-08-31 09:39:38,162 INFO o.a.j.t.JMeterThread: Thread finished: UserLogin 2-34
2018-08-31 09:39:38,162 INFO o.a.j.t.JMeterThread: Stopping: UserLogin 2-33
2018-08-31 09:39:38,162 WARN o.a.j.t.JMeterThread: The delay timer was interrupted - probably did not wait as long as intended.
2018-08-31 09:39:38,162 WARN o.a.j.t.JMeterThread: The delay timer was interrupted - probably did not wait as long as intended.
2018-08-31 09:39:38,162 INFO o.a.j.t.JMeterThread: Thread finished: UserLogin 2-43
2018-08-31 09:39:38,162 INFO o.a.j.t.JMeterThread: Thread finished: UserLogin 2-33
2018-08-31 09:39:38,169 ERROR o.a.j.v.JSR223Listener: Problem in JSR223 script, SendMetrics to SQS
javax.script.ScriptException: com.amazonaws.AbortedException: 
	at org.codehaus.groovy.jsr223.GroovyScriptEngineImpl.eval(GroovyScriptEngineImpl.java:320) ~[groovy-all-2.4.13.jar:2.4.13]
	at org.codehaus.groovy.jsr223.GroovyCompiledScript.eval(GroovyCompiledScript.java:72) ~[groovy-all-2.4.13.jar:2.4.13]
	at javax.script.CompiledScript.eval(Unknown Source) ~[?:1.8.0_181]
	at org.apache.jmeter.util.JSR223TestElement.processFileOrScript(JSR223TestElement.java:194) ~[ApacheJMeter_core.jar:4.0 r1823414]
	at org.apache.jmeter.visualizers.JSR223Listener.sampleOccurred(JSR223Listener.java:53) [ApacheJMeter_components.jar:4.0 r1823414]
	at org.apache.jmeter.threads.ListenerNotifier.notifyListeners(ListenerNotifier.java:65) [ApacheJMeter_core.jar:4.0 r1823414]
	at org.apache.jmeter.threads.JMeterThread.notifyListeners(JMeterThread.java:894) [ApacheJMeter_core.jar:4.0 r1823414]
	at org.apache.jmeter.threads.JMeterThread.executeSamplePackage(JMeterThread.java:521) [ApacheJMeter_core.jar:4.0 r1823414]
	at org.apache.jmeter.threads.JMeterThread.processSampler(JMeterThread.java:416) [ApacheJMeter_core.jar:4.0 r1823414]
	at org.apache.jmeter.threads.JMeterThread.run(JMeterThread.java:250) [ApacheJMeter_core.jar:4.0 r1823414]
	at java.lang.Thread.run(Unknown Source) [?:1.8.0_181]
Caused by: com.amazonaws.AbortedException: 
	at com.amazonaws.internal.SdkFilterInputStream.abortIfNeeded(SdkFilterInputStream.java:53) ~[aws-java-sdk-1.11.394.jar:?]
	at com.amazonaws.internal.SdkFilterInputStream.read(SdkFilterInputStream.java:75) ~[aws-java-sdk-1.11.394.jar:?]
	at com.amazonaws.event.ProgressInputStream.read(ProgressInputStream.java:158) ~[aws-java-sdk-1.11.394.jar:?]
	at com.sun.org.apache.xerces.internal.impl.XMLEntityManager$RewindableInputStream.read(Unknown Source) ~[?:1.8.0_181]
	at com.sun.org.apache.xerces.internal.impl.XMLEntityManager.setupCurrentEntity(Unknown Source) ~[?:1.8.0_181]
	at com.sun.org.apache.xerces.internal.impl.XMLEntityManager.startEntity(Unknown Source) ~[?:1.8.0_181]
	at com.sun.org.apache.xerces.internal.impl.XMLEntityManager.startDocumentEntity(Unknown Source) ~[?:1.8.0_181]
	at com.sun.org.apache.xerces.internal.impl.XMLDocumentScannerImpl.setInputSource(Unknown Source) ~[?:1.8.0_181]
	at com.sun.org.apache.xerces.internal.impl.XMLStreamReaderImpl.setInputSource(Unknown Source) ~[?:1.8.0_181]
	at com.sun.org.apache.xerces.internal.impl.XMLStreamReaderImpl.<init>(Unknown Source) ~[?:1.8.0_181]
	at com.sun.xml.internal.stream.XMLInputFactoryImpl.getXMLStreamReaderImpl(Unknown Source) ~[?:1.8.0_181]
	at com.sun.xml.internal.stream.XMLInputFactoryImpl.createXMLStreamReader(Unknown Source) ~[?:1.8.0_181]
	at com.sun.xml.internal.stream.XMLInputFactoryImpl.createXMLEventReader(Unknown Source) ~[?:1.8.0_181]
	at com.amazonaws.http.StaxResponseHandler.handle(StaxResponseHandler.java:88) ~[aws-java-sdk-1.11.394.jar:?]
	at com.amazonaws.http.StaxResponseHandler.handle(StaxResponseHandler.java:40) ~[aws-java-sdk-1.11.394.jar:?]
	at com.amazonaws.http.response.AwsResponseHandlerAdapter.handle(AwsResponseHandlerAdapter.java:70) ~[aws-java-sdk-1.11.394.jar:?]
	at com.amazonaws.http.AmazonHttpClient$RequestExecutor.handleResponse(AmazonHttpClient.java:1573) ~[aws-java-sdk-1.11.394.jar:?]
	at com.amazonaws.http.AmazonHttpClient$RequestExecutor.executeOneRequest(AmazonHttpClient.java:1290) ~[aws-java-sdk-1.11.394.jar:?]
	at com.amazonaws.http.AmazonHttpClient$RequestExecutor.executeHelper(AmazonHttpClient.java:1072) ~[aws-java-sdk-1.11.394.jar:?]
	at com.amazonaws.http.AmazonHttpClient$RequestExecutor.doExecute(AmazonHttpClient.java:745) ~[aws-java-sdk-1.11.394.jar:?]
	at com.amazonaws.http.AmazonHttpClient$RequestExecutor.executeWithTimer(AmazonHttpClient.java:719) ~[aws-java-sdk-1.11.394.jar:?]
	at com.amazonaws.http.AmazonHttpClient$RequestExecutor.execute(AmazonHttpClient.java:701) ~[aws-java-sdk-1.11.394.jar:?]
	at com.amazonaws.http.AmazonHttpClient$RequestExecutor.access$500(AmazonHttpClient.java:669) ~[aws-java-sdk-1.11.394.jar:?]
	at com.amazonaws.http.AmazonHttpClient$RequestExecutionBuilderImpl.execute(AmazonHttpClient.java:651) ~[aws-java-sdk-1.11.394.jar:?]
	at com.amazonaws.http.AmazonHttpClient.execute(AmazonHttpClient.java:515) ~[aws-java-sdk-1.11.394.jar:?]
	at com.amazonaws.services.sqs.AmazonSQSClient.doInvoke(AmazonSQSClient.java:2147) ~[aws-java-sdk-1.11.394.jar:?]
	at com.amazonaws.services.sqs.AmazonSQSClient.invoke(AmazonSQSClient.java:2116) ~[aws-java-sdk-1.11.394.jar:?]
	at com.amazonaws.services.sqs.AmazonSQSClient.invoke(AmazonSQSClient.java:2105) ~[aws-java-sdk-1.11.394.jar:?]
	at com.amazonaws.services.sqs.AmazonSQSClient.executeGetQueueUrl(AmazonSQSClient.java:1138) ~[aws-java-sdk-1.11.394.jar:?]
	at com.amazonaws.services.sqs.AmazonSQSClient.getQueueUrl(AmazonSQSClient.java:1110) ~[aws-java-sdk-1.11.394.jar:?]
	at com.amazonaws.services.sqs.AmazonSQSClient.getQueueUrl(AmazonSQSClient.java:1150) ~[aws-java-sdk-1.11.394.jar:?]
	at com.tab.jmeter.utils.SQSMessage.Send(SQSMessage.java:17) ~[jmeter_SQSMessage.jar:?]
	at com.tab.jmeter.utils.SQSMessage$Send.call(Unknown Source) ~[?:?]
	at Script1.run(Script1.groovy:56) ~[?:?]
	at org.codehaus.groovy.jsr223.GroovyScriptEngineImpl.eval(GroovyScriptEngineImpl.java:317) ~[groovy-all-2.4.13.jar:2.4.13]
	... 10 more
2018-08-31 09:39:38,176 INFO o.a.j.t.JMeterThread: Thread finished: UserLogin 2-38
2018-08-31 09:39:38,162 ERROR o.a.j.v.JSR223Listener: Problem in JSR223 script, SendMetrics to SQS
javax.script.ScriptException: com.amazonaws.AbortedException: 
	at org.codehaus.groovy.jsr223.GroovyScriptEngineImpl.eval(GroovyScriptEngineImpl.java:320) ~[groovy-all-2.4.13.jar:2.4.13]
	at org.codehaus.groovy.jsr223.GroovyCompiledScript.eval(GroovyCompiledScript.java:72) ~[groovy-all-2.4.13.jar:2.4.13]
	at javax.script.CompiledScript.eval(Unknown Source) ~[?:1.8.0_181]
	at org.apache.jmeter.util.JSR223TestElement.processFileOrScript(JSR223TestElement.java:194) ~[ApacheJMeter_core.jar:4.0 r1823414]
	at org.apache.jmeter.visualizers.JSR223Listener.sampleOccurred(JSR223Listener.java:53) [ApacheJMeter_components.jar:4.0 r1823414]
	at org.apache.jmeter.threads.ListenerNotifier.notifyListeners(ListenerNotifier.java:65) [ApacheJMeter_core.jar:4.0 r1823414]
	at org.apache.jmeter.threads.JMeterThread.notifyListeners(JMeterThread.java:894) [ApacheJMeter_core.jar:4.0 r1823414]
	at org.apache.jmeter.threads.JMeterThread.executeSamplePackage(JMeterThread.java:521) [ApacheJMeter_core.jar:4.0 r1823414]
	at org.apache.jmeter.threads.JMeterThread.processSampler(JMeterThread.java:416) [ApacheJMeter_core.jar:4.0 r1823414]
	at org.apache.jmeter.threads.JMeterThread.run(JMeterThread.java:250) [ApacheJMeter_core.jar:4.0 r1823414]
	at java.lang.Thread.run(Unknown Source) [?:1.8.0_181]
Caused by: com.amazonaws.AbortedException: 
	at com.amazonaws.http.AmazonHttpClient$RequestExecutor.handleInterruptedException(AmazonHttpClient.java:807) ~[aws-java-sdk-1.11.394.jar:?]
	at com.amazonaws.http.AmazonHttpClient$RequestExecutor.execute(AmazonHttpClient.java:703) ~[aws-java-sdk-1.11.394.jar:?]
	at com.amazonaws.http.AmazonHttpClient$RequestExecutor.access$500(AmazonHttpClient.java:669) ~[aws-java-sdk-1.11.394.jar:?]
	at com.amazonaws.http.AmazonHttpClient$RequestExecutionBuilderImpl.execute(AmazonHttpClient.java:651) ~[aws-java-sdk-1.11.394.jar:?]
	at com.amazonaws.http.AmazonHttpClient.execute(AmazonHttpClient.java:515) ~[aws-java-sdk-1.11.394.jar:?]
	at com.amazonaws.services.sqs.AmazonSQSClient.doInvoke(AmazonSQSClient.java:2147) ~[aws-java-sdk-1.11.394.jar:?]
	at com.amazonaws.services.sqs.AmazonSQSClient.invoke(AmazonSQSClient.java:2116) ~[aws-java-sdk-1.11.394.jar:?]
	at com.amazonaws.services.sqs.AmazonSQSClient.invoke(AmazonSQSClient.java:2105) ~[aws-java-sdk-1.11.394.jar:?]
	at com.amazonaws.services.sqs.AmazonSQSClient.executeGetQueueUrl(AmazonSQSClient.java:1138) ~[aws-java-sdk-1.11.394.jar:?]
	at com.amazonaws.services.sqs.AmazonSQSClient.getQueueUrl(AmazonSQSClient.java:1110) ~[aws-java-sdk-1.11.394.jar:?]
	at com.amazonaws.services.sqs.AmazonSQSClient.getQueueUrl(AmazonSQSClient.java:1150) ~[aws-java-sdk-1.11.394.jar:?]
	at com.tab.jmeter.utils.SQSMessage.Send(SQSMessage.java:17) ~[jmeter_SQSMessage.jar:?]
	at com.tab.jmeter.utils.SQSMessage$Send.call(Unknown Source) ~[?:?]
	at Script1.run(Script1.groovy:56) ~[?:?]
	at org.codehaus.groovy.jsr223.GroovyScriptEngineImpl.eval(GroovyScriptEngineImpl.java:317) ~[groovy-all-2.4.13.jar:2.4.13]
	... 10 more
Caused by: com.amazonaws.http.timers.client.SdkInterruptedException
	at com.amazonaws.http.AmazonHttpClient$RequestExecutor.checkInterrupted(AmazonHttpClient.java:854) ~[aws-java-sdk-1.11.394.jar:?]
	at com.amazonaws.http.AmazonHttpClient$RequestExecutor.checkInterrupted(AmazonHttpClient.java:840) ~[aws-java-sdk-1.11.394.jar:?]
	at com.amazonaws.http.AmazonHttpClient$RequestExecutor.executeHelper(AmazonHttpClient.java:1034) ~[aws-java-sdk-1.11.394.jar:?]
	at com.amazonaws.http.AmazonHttpClient$RequestExecutor.doExecute(AmazonHttpClient.java:745) ~[aws-java-sdk-1.11.394.jar:?]
	at com.amazonaws.http.AmazonHttpClient$RequestExecutor.executeWithTimer(AmazonHttpClient.java:719) ~[aws-java-sdk-1.11.394.jar:?]
	at com.amazonaws.http.AmazonHttpClient$RequestExecutor.execute(AmazonHttpClient.java:701) ~[aws-java-sdk-1.11.394.jar:?]
	at com.amazonaws.http.AmazonHttpClient$RequestExecutor.access$500(AmazonHttpClient.java:669) ~[aws-java-sdk-1.11.394.jar:?]
	at com.amazonaws.http.AmazonHttpClient$RequestExecutionBuilderImpl.execute(AmazonHttpClient.java:651) ~[aws-java-sdk-1.11.394.jar:?]
	at com.amazonaws.http.AmazonHttpClient.execute(AmazonHttpClient.java:515) ~[aws-java-sdk-1.11.394.jar:?]
	at com.amazonaws.services.sqs.AmazonSQSClient.doInvoke(AmazonSQSClient.java:2147) ~[aws-java-sdk-1.11.394.jar:?]
	at com.amazonaws.services.sqs.AmazonSQSClient.invoke(AmazonSQSClient.java:2116) ~[aws-java-sdk-1.11.394.jar:?]
	at com.amazonaws.services.sqs.AmazonSQSClient.invoke(AmazonSQSClient.java:2105) ~[aws-java-sdk-1.11.394.jar:?]
	at com.amazonaws.services.sqs.AmazonSQSClient.executeGetQueueUrl(AmazonSQSClient.java:1138) ~[aws-java-sdk-1.11.394.jar:?]
	at com.amazonaws.services.sqs.AmazonSQSClient.getQueueUrl(AmazonSQSClient.java:1110) ~[aws-java-sdk-1.11.394.jar:?]
	at com.amazonaws.services.sqs.AmazonSQSClient.getQueueUrl(AmazonSQSClient.java:1150) ~[aws-java-sdk-1.11.394.jar:?]
	at com.tab.jmeter.utils.SQSMessage.Send(SQSMessage.java:17) ~[jmeter_SQSMessage.jar:?]
	at com.tab.jmeter.utils.SQSMessage$Send.call(Unknown Source) ~[?:?]
	at Script1.run(Script1.groovy:56) ~[?:?]
	at org.codehaus.groovy.jsr223.GroovyScriptEngineImpl.eval(GroovyScriptEngineImpl.java:317) ~[groovy-all-2.4.13.jar:2.4.13]
	... 10 more
2018-08-31 09:39:38,165 ERROR o.a.j.v.JSR223Listener: Problem in JSR223 script, SendMetrics to SQS
javax.script.ScriptException: com.amazonaws.AbortedException: 
	at org.codehaus.groovy.jsr223.GroovyScriptEngineImpl.eval(GroovyScriptEngineImpl.java:320) ~[groovy-all-2.4.13.jar:2.4.13]
	at org.codehaus.groovy.jsr223.GroovyCompiledScript.eval(GroovyCompiledScript.java:72) ~[groovy-all-2.4.13.jar:2.4.13]
	at javax.script.CompiledScript.eval(Unknown Source) ~[?:1.8.0_181]
	at org.apache.jmeter.util.JSR223TestElement.processFileOrScript(JSR223TestElement.java:194) ~[ApacheJMeter_core.jar:4.0 r1823414]
	at org.apache.jmeter.visualizers.JSR223Listener.sampleOccurred(JSR223Listener.java:53) [ApacheJMeter_components.jar:4.0 r1823414]
	at org.apache.jmeter.threads.ListenerNotifier.notifyListeners(ListenerNotifier.java:65) [ApacheJMeter_core.jar:4.0 r1823414]
	at org.apache.jmeter.threads.JMeterThread.notifyListeners(JMeterThread.java:894) [ApacheJMeter_core.jar:4.0 r1823414]
	at org.apache.jmeter.threads.JMeterThread.executeSamplePackage(JMeterThread.java:521) [ApacheJMeter_core.jar:4.0 r1823414]
	at org.apache.jmeter.threads.JMeterThread.processSampler(JMeterThread.java:416) [ApacheJMeter_core.jar:4.0 r1823414]
	at org.apache.jmeter.threads.JMeterThread.run(JMeterThread.java:250) [ApacheJMeter_core.jar:4.0 r1823414]
	at java.lang.Thread.run(Unknown Source) [?:1.8.0_181]
Caused by: com.amazonaws.AbortedException: 
	at com.amazonaws.http.AmazonHttpClient$RequestExecutor.handleInterruptedException(AmazonHttpClient.java:807) ~[aws-java-sdk-1.11.394.jar:?]
	at com.amazonaws.http.AmazonHttpClient$RequestExecutor.execute(AmazonHttpClient.java:703) ~[aws-java-sdk-1.11.394.jar:?]
	at com.amazonaws.http.AmazonHttpClient$RequestExecutor.access$500(AmazonHttpClient.java:669) ~[aws-java-sdk-1.11.394.jar:?]
	at com.amazonaws.http.AmazonHttpClient$RequestExecutionBuilderImpl.execute(AmazonHttpClient.java:651) ~[aws-java-sdk-1.11.394.jar:?]
	at com.amazonaws.http.AmazonHttpClient.execute(AmazonHttpClient.java:515) ~[aws-java-sdk-1.11.394.jar:?]
	at com.amazonaws.services.sqs.AmazonSQSClient.doInvoke(AmazonSQSClient.java:2147) ~[aws-java-sdk-1.11.394.jar:?]
	at com.amazonaws.services.sqs.AmazonSQSClient.invoke(AmazonSQSClient.java:2116) ~[aws-java-sdk-1.11.394.jar:?]
	at com.amazonaws.services.sqs.AmazonSQSClient.invoke(AmazonSQSClient.java:2105) ~[aws-java-sdk-1.11.394.jar:?]
	at com.amazonaws.services.sqs.AmazonSQSClient.executeGetQueueUrl(AmazonSQSClient.java:1138) ~[aws-java-sdk-1.11.394.jar:?]
	at com.amazonaws.services.sqs.AmazonSQSClient.getQueueUrl(AmazonSQSClient.java:1110) ~[aws-java-sdk-1.11.394.jar:?]
	at com.amazonaws.services.sqs.AmazonSQSClient.getQueueUrl(AmazonSQSClient.java:1150) ~[aws-java-sdk-1.11.394.jar:?]
	at com.tab.jmeter.utils.SQSMessage.Send(SQSMessage.java:17) ~[jmeter_SQSMessage.jar:?]
	at com.tab.jmeter.utils.SQSMessage$Send.call(Unknown Source) ~[?:?]
	at Script1.run(Script1.groovy:56) ~[?:?]
	at org.codehaus.groovy.jsr223.GroovyScriptEngineImpl.eval(GroovyScriptEngineImpl.java:317) ~[groovy-all-2.4.13.jar:2.4.13]
	... 10 more
Caused by: com.amazonaws.http.timers.client.SdkInterruptedException
	at com.amazonaws.http.AmazonHttpClient$RequestExecutor.checkInterrupted(AmazonHttpClient.java:854) ~[aws-java-sdk-1.11.394.jar:?]
	at com.amazonaws.http.AmazonHttpClient$RequestExecutor.checkInterrupted(AmazonHttpClient.java:840) ~[aws-java-sdk-1.11.394.jar:?]
	at com.amazonaws.http.AmazonHttpClient$RequestExecutor.executeHelper(AmazonHttpClient.java:1034) ~[aws-java-sdk-1.11.394.jar:?]
	at com.amazonaws.http.AmazonHttpClient$RequestExecutor.doExecute(AmazonHttpClient.java:745) ~[aws-java-sdk-1.11.394.jar:?]
	at com.amazonaws.http.AmazonHttpClient$RequestExecutor.executeWithTimer(AmazonHttpClient.java:719) ~[aws-java-sdk-1.11.394.jar:?]
	at com.amazonaws.http.AmazonHttpClient$RequestExecutor.execute(AmazonHttpClient.java:701) ~[aws-java-sdk-1.11.394.jar:?]
	at com.amazonaws.http.AmazonHttpClient$RequestExecutor.access$500(AmazonHttpClient.java:669) ~[aws-java-sdk-1.11.394.jar:?]
	at com.amazonaws.http.AmazonHttpClient$RequestExecutionBuilderImpl.execute(AmazonHttpClient.java:651) ~[aws-java-sdk-1.11.394.jar:?]
	at com.amazonaws.http.AmazonHttpClient.execute(AmazonHttpClient.java:515) ~[aws-java-sdk-1.11.394.jar:?]
	at com.amazonaws.services.sqs.AmazonSQSClient.doInvoke(AmazonSQSClient.java:2147) ~[aws-java-sdk-1.11.394.jar:?]
	at com.amazonaws.services.sqs.AmazonSQSClient.invoke(AmazonSQSClient.java:2116) ~[aws-java-sdk-1.11.394.jar:?]
	at com.amazonaws.services.sqs.AmazonSQSClient.invoke(AmazonSQSClient.java:2105) ~[aws-java-sdk-1.11.394.jar:?]
	at com.amazonaws.services.sqs.AmazonSQSClient.executeGetQueueUrl(AmazonSQSClient.java:1138) ~[aws-java-sdk-1.11.394.jar:?]
	at com.amazonaws.services.sqs.AmazonSQSClient.getQueueUrl(AmazonSQSClient.java:1110) ~[aws-java-sdk-1.11.394.jar:?]
	at com.amazonaws.services.sqs.AmazonSQSClient.getQueueUrl(AmazonSQSClient.java:1150) ~[aws-java-sdk-1.11.394.jar:?]
	at com.tab.jmeter.utils.SQSMessage.Send(SQSMessage.java:17) ~[jmeter_SQSMessage.jar:?]
	at com.tab.jmeter.utils.SQSMessage$Send.call(Unknown Source) ~[?:?]
	at Script1.run(Script1.groovy:56) ~[?:?]
	at org.codehaus.groovy.jsr223.GroovyScriptEngineImpl.eval(GroovyScriptEngineImpl.java:317) ~[groovy-all-2.4.13.jar:2.4.13]
	... 10 more
2018-08-31 09:39:38,162 ERROR o.a.j.v.JSR223Listener: Problem in JSR223 script, SendMetrics to SQS
javax.script.ScriptException: com.amazonaws.AbortedException: 
	at org.codehaus.groovy.jsr223.GroovyScriptEngineImpl.eval(GroovyScriptEngineImpl.java:320) ~[groovy-all-2.4.13.jar:2.4.13]
	at org.codehaus.groovy.jsr223.GroovyCompiledScript.eval(GroovyCompiledScript.java:72) ~[groovy-all-2.4.13.jar:2.4.13]
	at javax.script.CompiledScript.eval(Unknown Source) ~[?:1.8.0_181]
	at org.apache.jmeter.util.JSR223TestElement.processFileOrScript(JSR223TestElement.java:194) ~[ApacheJMeter_core.jar:4.0 r1823414]
	at org.apache.jmeter.visualizers.JSR223Listener.sampleOccurred(JSR223Listener.java:53) [ApacheJMeter_components.jar:4.0 r1823414]
	at org.apache.jmeter.threads.ListenerNotifier.notifyListeners(ListenerNotifier.java:65) [ApacheJMeter_core.jar:4.0 r1823414]
	at org.apache.jmeter.threads.JMeterThread.notifyListeners(JMeterThread.java:894) [ApacheJMeter_core.jar:4.0 r1823414]
	at org.apache.jmeter.threads.JMeterThread.executeSamplePackage(JMeterThread.java:521) [ApacheJMeter_core.jar:4.0 r1823414]
	at org.apache.jmeter.threads.JMeterThread.processSampler(JMeterThread.java:416) [ApacheJMeter_core.jar:4.0 r1823414]
	at org.apache.jmeter.threads.JMeterThread.run(JMeterThread.java:250) [ApacheJMeter_core.jar:4.0 r1823414]
	at java.lang.Thread.run(Unknown Source) [?:1.8.0_181]
Caused by: com.amazonaws.AbortedException: 
	at com.amazonaws.http.AmazonHttpClient$RequestExecutor.handleInterruptedException(AmazonHttpClient.java:807) ~[aws-java-sdk-1.11.394.jar:?]
	at com.amazonaws.http.AmazonHttpClient$RequestExecutor.execute(AmazonHttpClient.java:703) ~[aws-java-sdk-1.11.394.jar:?]
	at com.amazonaws.http.AmazonHttpClient$RequestExecutor.access$500(AmazonHttpClient.java:669) ~[aws-java-sdk-1.11.394.jar:?]
	at com.amazonaws.http.AmazonHttpClient$RequestExecutionBuilderImpl.execute(AmazonHttpClient.java:651) ~[aws-java-sdk-1.11.394.jar:?]
	at com.amazonaws.http.AmazonHttpClient.execute(AmazonHttpClient.java:515) ~[aws-java-sdk-1.11.394.jar:?]
	at com.amazonaws.services.sqs.AmazonSQSClient.doInvoke(AmazonSQSClient.java:2147) ~[aws-java-sdk-1.11.394.jar:?]
	at com.amazonaws.services.sqs.AmazonSQSClient.invoke(AmazonSQSClient.java:2116) ~[aws-java-sdk-1.11.394.jar:?]
	at com.amazonaws.services.sqs.AmazonSQSClient.invoke(AmazonSQSClient.java:2105) ~[aws-java-sdk-1.11.394.jar:?]
	at com.amazonaws.services.sqs.AmazonSQSClient.executeGetQueueUrl(AmazonSQSClient.java:1138) ~[aws-java-sdk-1.11.394.jar:?]
	at com.amazonaws.services.sqs.AmazonSQSClient.getQueueUrl(AmazonSQSClient.java:1110) ~[aws-java-sdk-1.11.394.jar:?]
	at com.amazonaws.services.sqs.AmazonSQSClient.getQueueUrl(AmazonSQSClient.java:1150) ~[aws-java-sdk-1.11.394.jar:?]
	at com.tab.jmeter.utils.SQSMessage.Send(SQSMessage.java:17) ~[jmeter_SQSMessage.jar:?]
	at com.tab.jmeter.utils.SQSMessage$Send.call(Unknown Source) ~[?:?]
	at Script1.run(Script1.groovy:56) ~[?:?]
	at org.codehaus.groovy.jsr223.GroovyScriptEngineImpl.eval(GroovyScriptEngineImpl.java:317) ~[groovy-all-2.4.13.jar:2.4.13]
	... 10 more
Caused by: com.amazonaws.http.timers.client.SdkInterruptedException
	at com.amazonaws.http.AmazonHttpClient$RequestExecutor.checkInterrupted(AmazonHttpClient.java:854) ~[aws-java-sdk-1.11.394.jar:?]
	at com.amazonaws.http.AmazonHttpClient$RequestExecutor.checkInterrupted(AmazonHttpClient.java:840) ~[aws-java-sdk-1.11.394.jar:?]
	at com.amazonaws.http.AmazonHttpClient$RequestExecutor.executeHelper(AmazonHttpClient.java:1034) ~[aws-java-sdk-1.11.394.jar:?]
	at com.amazonaws.http.AmazonHttpClient$RequestExecutor.doExecute(AmazonHttpClient.java:745) ~[aws-java-sdk-1.11.394.jar:?]
	at com.amazonaws.http.AmazonHttpClient$RequestExecutor.executeWithTimer(AmazonHttpClient.java:719) ~[aws-java-sdk-1.11.394.jar:?]
	at com.amazonaws.http.AmazonHttpClient$RequestExecutor.execute(AmazonHttpClient.java:701) ~[aws-java-sdk-1.11.394.jar:?]
	at com.amazonaws.http.AmazonHttpClient$RequestExecutor.access$500(AmazonHttpClient.java:669) ~[aws-java-sdk-1.11.394.jar:?]
	at com.amazonaws.http.AmazonHttpClient$RequestExecutionBuilderImpl.execute(AmazonHttpClient.java:651) ~[aws-java-sdk-1.11.394.jar:?]
	at com.amazonaws.http.AmazonHttpClient.execute(AmazonHttpClient.java:515) ~[aws-java-sdk-1.11.394.jar:?]
	at com.amazonaws.services.sqs.AmazonSQSClient.doInvoke(AmazonSQSClient.java:2147) ~[aws-java-sdk-1.11.394.jar:?]
	at com.amazonaws.services.sqs.AmazonSQSClient.invoke(AmazonSQSClient.java:2116) ~[aws-java-sdk-1.11.394.jar:?]
	at com.amazonaws.services.sqs.AmazonSQSClient.invoke(AmazonSQSClient.java:2105) ~[aws-java-sdk-1.11.394.jar:?]
	at com.amazonaws.services.sqs.AmazonSQSClient.executeGetQueueUrl(AmazonSQSClient.java:1138) ~[aws-java-sdk-1.11.394.jar:?]
	at com.amazonaws.services.sqs.AmazonSQSClient.getQueueUrl(AmazonSQSClient.java:1110) ~[aws-java-sdk-1.11.394.jar:?]
	at com.amazonaws.services.sqs.AmazonSQSClient.getQueueUrl(AmazonSQSClient.java:1150) ~[aws-java-sdk-1.11.394.jar:?]
	at com.tab.jmeter.utils.SQSMessage.Send(SQSMessage.java:17) ~[jmeter_SQSMessage.jar:?]
	at com.tab.jmeter.utils.SQSMessage$Send.call(Unknown Source) ~[?:?]
	at Script1.run(Script1.groovy:56) ~[?:?]
	at org.codehaus.groovy.jsr223.GroovyScriptEngineImpl.eval(GroovyScriptEngineImpl.java:317) ~[groovy-all-2.4.13.jar:2.4.13]
	... 10 more
2018-08-31 09:39:38,178 INFO o.a.j.t.JMeterThread: Thread finished: UserLogin 2-26
2018-08-31 09:39:38,178 INFO o.a.j.t.JMeterThread: Thread finished: UserLogin 2-42
2018-08-31 09:39:38,178 INFO o.a.j.t.JMeterThread: Thread finished: UserLogin 2-46
2018-08-31 09:39:38,179 INFO o.a.j.e.StandardJMeterEngine: Starting tearDown thread groups
2018-08-31 09:39:38,179 INFO o.a.j.e.StandardJMeterEngine: Starting tearDown ThreadGroup: 1 : tearDown Thread Group
2018-08-31 09:39:38,179 INFO o.a.j.e.StandardJMeterEngine: Starting 1 threads for group tearDown Thread Group.
2018-08-31 09:39:38,179 INFO o.a.j.e.StandardJMeterEngine: Thread will continue on error
2018-08-31 09:39:38,179 INFO o.a.j.t.ThreadGroup: Starting thread group... number=1 threads=1 ramp-up=1 perThread=1000.0 delayedStart=false
2018-08-31 09:39:38,179 INFO o.a.j.t.ThreadGroup: Started thread group number 1
2018-08-31 09:39:38,179 INFO o.a.j.t.JMeterThread: Thread started: tearDown Thread Group 1-1
2018-08-31 09:39:38,180 INFO o.a.j.t.JMeterThread: Thread is done: tearDown Thread Group 1-1
2018-08-31 09:39:38,180 INFO o.a.j.t.JMeterThread: Thread finished: tearDown Thread Group 1-1
2018-08-31 09:39:38,180 INFO o.a.j.e.StandardJMeterEngine: Notifying test listeners of end of test
2018-08-31 09:39:38,181 INFO o.a.j.g.u.JMeterMenuBar: setRunning(false, *local*)
